<?xml version="1.0" encoding="UTF-8"?>
<!-- Generated by org.testng.reporters.JUnitReportReporter -->
<testsuite hostname="swathi" failures="0" tests="2" name="org.QAfoxProject.RegisterAccount.RegisterAccountTest" time="0.018" errors="0" timestamp="2025-01-08T13:43:51 IST" skipped="0">
  <testcase classname="org.QAfoxProject.RegisterAccount.RegisterAccountTest" name="verifyWithInValidInput" time="0.014"/>
  <system-out>
    <![CDATA[Register account verified with invalid input]]>
  </system-out>
  <testcase classname="org.QAfoxProject.RegisterAccount.RegisterAccountTest" name="verifyWithValidInput" time="0.004"/>
  <system-out>
    <![CDATA[Register account verified with valid input]]>
  </system-out>
</testsuite> <!-- org.QAfoxProject.RegisterAccount.RegisterAccountTest -->
